TN:
SF:/home/dip-roy/Echidna_2.2.6/echidna/research/vulnerability_discovery.sol
DA:13,0
DA:14,0
DA:15,0
DA:16,0
DA:19,0
DA:22,0
DA:23,0
DA:24,0
DA:25,0
DA:27,0
DA:30,0
DA:33,0
DA:34,0
DA:35,0
DA:38,0
DA:39,0
DA:44,0
DA:46,0
DA:48,0
DA:51,0
DA:53,0
DA:56,0
DA:57,0
DA:65,0
DA:73,0
DA:74,0
DA:75,0
DA:76,0
DA:77,0
DA:80,0
DA:81,0
DA:82,0
DA:84,0
DA:85,0
DA:86,0
DA:87,0
DA:88,0
DA:89,0
DA:92,0
DA:95,0
DA:96,0
DA:97,0
DA:98,0
DA:99,0
DA:100,0
DA:102,0
DA:107,0
DA:108,0
DA:111,0
DA:113,0
DA:116,0
DA:118,0
DA:126,0
DA:128,0
DA:130,0
DA:131,0
DA:132,0
DA:134,0
DA:135,0
DA:136,0
DA:139,0
DA:144,0
DA:148,0
DA:149,0
DA:150,0
DA:154,0
DA:155,0
DA:156,0
DA:158,0
DA:159,0
DA:163,0
DA:164,0
DA:166,0
DA:167,0
DA:169,0
DA:170,0
DA:174,0
DA:175,0
DA:177,0
DA:178,0
DA:179,0
DA:182,0
DA:183,0
DA:186,0
DA:188,0
DA:192,0
DA:194,0
DA:198,0
DA:199,0
DA:202,0
DA:203,0
DA:204,0
DA:206,0
DA:209,0
DA:211,0
DA:214,0
DA:216,0
DA:224,88
DA:232,0
DA:233,52
DA:234,0
DA:236,1
DA:237,0
DA:238,0
DA:241,24
DA:242,15
DA:243,35
DA:245,1
DA:247,12
DA:248,14
DA:249,26
DA:250,2
DA:251,24
DA:252,24
DA:253,13
DA:256,21
DA:257,21
DA:258,21
DA:259,36
DA:261,26
DA:264,28
DA:265,15
DA:266,26
DA:268,1
DA:269,21
DA:270,11
DA:272,8
DA:273,30
DA:274,29
DA:276,21
DA:277,21
DA:279,30
DA:280,29
DA:282,21
DA:283,21
DA:287,7
DA:288,30
DA:289,26
DA:290,26
DA:292,52
DA:293,23
DA:296,5
DA:297,9
DA:298,23
DA:301,7
DA:303,6
DA:304,18
DA:305,4
DA:306,10
DA:307,3
DA:308,24
DA:310,5
DA:314,0
DA:316,0
DA:319,0
DA:321,0
DA:324,0
DA:325,0
DA:327,0
DA:330,0
DA:332,0
DA:340,0
DA:350,0
DA:351,0
DA:352,0
DA:355,0
DA:360,0
DA:361,0
DA:363,0
DA:364,0
DA:365,0
DA:366,0
DA:367,0
DA:368,0
DA:369,0
DA:372,0
DA:373,0
DA:376,0
DA:381,0
DA:382,0
DA:384,0
DA:385,0
DA:388,0
DA:389,0
DA:390,0
DA:392,0
DA:393,0
DA:397,0
DA:399,0
DA:402,0
DA:404,0
DA:407,0
DA:409,0
end_of_record

