TN:
SF:/home/dip-roy/Echidna_2.2.6/echidna/time_test_contract.sol
DA:4,141
DA:6,25
DA:7,0
DA:8,0
DA:9,0
DA:15,7
DA:16,6
DA:17,6
DA:18,6
DA:22,0
DA:23,0
DA:27,4
DA:29,10
DA:33,0
DA:34,0
DA:38,11
DA:39,4
DA:40,7
DA:41,1
DA:43,9
DA:44,10
DA:46,0
DA:49,19
DA:50,18
DA:51,6
DA:53,21
DA:57,24
DA:58,11
DA:62,24
DA:63,11
DA:67,0
DA:68,0
DA:69,0
DA:73,22
DA:76,28
DA:80,0
DA:81,0
DA:85,0
DA:86,0
DA:90,0
DA:91,0
DA:94,0
DA:95,0
DA:96,0
DA:97,0
DA:99,0
DA:100,0
DA:102,0
DA:106,0
DA:109,0
DA:110,0
DA:113,0
DA:114,0
DA:118,0
DA:120,0
DA:125,0
DA:126,0
DA:127,0
DA:128,0
DA:129,0
DA:131,0
DA:132,0
DA:133,0
DA:134,0
DA:138,0
DA:139,0
DA:140,0
DA:144,0
DA:145,0
DA:149,0
DA:150,0
DA:152,0
DA:153,0
DA:154,0
DA:157,0
DA:161,0
DA:162,0
DA:164,0
DA:165,0
DA:167,0
DA:171,0
DA:172,0
DA:175,0
DA:176,0
DA:178,0
DA:181,0
DA:182,0
DA:187,0
DA:188,0
DA:189,0
DA:190,0
DA:192,0
DA:193,0
DA:194,0
DA:195,0
DA:199,0
DA:200,0
DA:201,0
DA:203,0
DA:204,0
DA:208,0
DA:209,0
DA:211,0
DA:212,0
DA:217,0
DA:218,0
DA:222,0
DA:223,0
DA:224,0
DA:228,0
DA:230,0
DA:233,0
DA:235,0
DA:236,0
DA:238,0
DA:241,0
DA:243,0
end_of_record

